{
  "stats": {
    "suites": 1,
    "tests": 1,
    "passes": 1,
    "pending": 0,
    "failures": 0,
    "start": "2025-05-27T15:40:54.656Z",
    "end": "2025-05-27T15:41:23.549Z",
    "duration": 28893,
    "testsRegistered": 1,
    "passPercent": 100,
    "pendingPercent": 0,
    "other": 0,
    "hasOther": false,
    "skipped": 0,
    "hasSkipped": false
  },
  "results": [
    {
      "uuid": "07b21fe0-2920-4bee-92bc-72428e24f240",
      "title": "",
      "fullFile": "cypress\\e2e\\amazon\\search-product.js",
      "file": "cypress\\e2e\\amazon\\search-product.js",
      "beforeHooks": [],
      "afterHooks": [],
      "tests": [],
      "suites": [
        {
          "uuid": "95b38276-3f0a-450a-9f12-41de6ca04a4d",
          "title": "Amazon Search - Validasi Nama dan Harga Produk",
          "fullFile": "",
          "file": "",
          "beforeHooks": [],
          "afterHooks": [],
          "tests": [
            {
              "title": "Cari produk dan validasi nama serta harga item",
              "fullTitle": "Amazon Search - Validasi Nama dan Harga Produk Cari produk dan validasi nama serta harga item",
              "timedOut": null,
              "duration": 25584,
              "state": "passed",
              "speed": "slow",
              "pass": true,
              "fail": false,
              "pending": false,
              "context": null,
              "code": "_amazonPage.default.searchBox(this.amazonData.search.keyword);\n_amazonPage.default.searchButton();\ncy.wait(3000);\n//sort by high to low\n_amazonPage.default.sortByHighToLow();\ncy.wait(3000);\n//pilih produk paling kanan baris pertama yang non sponsor\n_amazonPage.default.clickRightmostItemOnFirstRow();\ncy.get('@selectedProduct').then(selectedProduct => {\n  _amazonPage.default.verifyProductDetails(selectedProduct);\n});",
              "err": {},
              "uuid": "7e2489f0-3512-4cba-a4a1-9205c4fb2bcd",
              "parentUUID": "95b38276-3f0a-450a-9f12-41de6ca04a4d",
              "isHook": false,
              "skipped": false
            }
          ],
          "suites": [],
          "passes": [
            "7e2489f0-3512-4cba-a4a1-9205c4fb2bcd"
          ],
          "failures": [],
          "pending": [],
          "skipped": [],
          "duration": 25584,
          "root": false,
          "rootEmpty": false,
          "_timeout": 2000
        }
      ],
      "passes": [],
      "failures": [],
      "pending": [],
      "skipped": [],
      "duration": 0,
      "root": true,
      "rootEmpty": true,
      "_timeout": 2000
    }
  ],
  "meta": {
    "mocha": {
      "version": "7.2.0"
    },
    "mochawesome": {
      "options": {
        "quiet": false,
        "reportFilename": "mochawesome",
        "saveHtml": true,
        "saveJson": true,
        "consoleReporter": "spec",
        "useInlineDiffs": false,
        "code": true
      },
      "version": "7.1.3"
    },
    "marge": {
      "options": {
        "reportDir": "cypress/reports",
        "overwrite": false,
        "html": true,
        "json": true
      },
      "version": "6.2.0"
    }
  }
}