{
  "stats": {
    "suites": 1,
    "tests": 1,
    "passes": 1,
    "pending": 0,
    "failures": 0,
    "start": "2025-06-07T11:10:03.552Z",
    "end": "2025-06-07T11:10:42.544Z",
    "duration": 38992,
    "testsRegistered": 1,
    "passPercent": 100,
    "pendingPercent": 0,
    "other": 0,
    "hasOther": false,
    "skipped": 0,
    "hasSkipped": false
  },
  "results": [
    {
      "uuid": "11816a1b-068a-40cf-8f3d-44d7d07b2f0f",
      "title": "",
      "fullFile": "cypress\\e2e\\youtube\\trending-movies.js",
      "file": "cypress\\e2e\\youtube\\trending-movies.js",
      "beforeHooks": [],
      "afterHooks": [],
      "tests": [],
      "suites": [
        {
          "uuid": "a78a0136-b0d4-41f0-839a-858b38f03aa4",
          "title": "Youtube Trending Movies - Validasi Movie Trending No. 3",
          "fullFile": "",
          "file": "",
          "beforeHooks": [],
          "afterHooks": [],
          "tests": [
            {
              "title": "Cari movie trending no. 3 dan validasi judul serta nama channel",
              "fullTitle": "Youtube Trending Movies - Validasi Movie Trending No. 3 Cari movie trending no. 3 dan validasi judul serta nama channel",
              "timedOut": null,
              "duration": 35425,
              "state": "passed",
              "speed": "slow",
              "pass": true,
              "fail": false,
              "pending": false,
              "context": null,
              "code": "_youtubePage.default.visit();\ncy.wait(5000);\n_youtubePage.default.clickTrending();\ncy.wait(5000);\n_youtubePage.default.selectCategoryTrending('Film');\ncy.wait(5000);\n_youtubePage.default.getVideoInfo(2).then(({\n  title,\n  channel\n}) => {\n  // cy.log('Judul:', title);\n  // cy.log('Channel:', channel);\n  _youtubePage.default.clickVideo(2);\n  cy.wait(5000);\n  _youtubePage.default.getTitle().should('eq', title);\n  _youtubePage.default.getChannel().should('eq', channel);\n});",
              "err": {},
              "uuid": "30a56b0f-50d6-4e10-8d11-ae2c1b3d949d",
              "parentUUID": "a78a0136-b0d4-41f0-839a-858b38f03aa4",
              "isHook": false,
              "skipped": false
            }
          ],
          "suites": [],
          "passes": [
            "30a56b0f-50d6-4e10-8d11-ae2c1b3d949d"
          ],
          "failures": [],
          "pending": [],
          "skipped": [],
          "duration": 35425,
          "root": false,
          "rootEmpty": false,
          "_timeout": 2000
        }
      ],
      "passes": [],
      "failures": [],
      "pending": [],
      "skipped": [],
      "duration": 0,
      "root": true,
      "rootEmpty": true,
      "_timeout": 2000
    }
  ],
  "meta": {
    "mocha": {
      "version": "7.2.0"
    },
    "mochawesome": {
      "options": {
        "quiet": false,
        "reportFilename": "mochawesome",
        "saveHtml": true,
        "saveJson": true,
        "consoleReporter": "spec",
        "useInlineDiffs": false,
        "code": true
      },
      "version": "7.1.3"
    },
    "marge": {
      "options": {
        "reportDir": "cypress/reports",
        "overwrite": false,
        "html": true,
        "json": true
      },
      "version": "6.2.0"
    }
  }
}